{
  "stats": {
    "suites": 1,
    "tests": 1,
    "passes": 1,
    "pending": 0,
    "failures": 0,
    "start": "2020-05-05T13:41:00.504Z",
    "end": "2020-05-05T13:41:03.779Z",
    "duration": 3275,
    "testsRegistered": 1,
    "passPercent": 100,
    "pendingPercent": 0,
    "other": 0,
    "hasOther": false,
    "skipped": 0,
    "hasSkipped": false
  },
  "results": [
    {
      "uuid": "24575120-d814-4468-b8d7-c44b277a0ea2",
      "title": "",
      "fullFile": "",
      "file": "",
      "beforeHooks": [],
      "afterHooks": [],
      "tests": [],
      "suites": [
        {
          "uuid": "782ac834-1058-4a30-baa4-41d54bdea4e4",
          "title": "login",
          "fullFile": "/Users/bhaawnam/codeceptjs/login_test.js",
          "file": "/login_test.js",
          "beforeHooks": [
            {
              "title": "\"before all\" hook: codeceptjs.beforeSuite",
              "fullTitle": "login \"before all\" hook: codeceptjs.beforeSuite",
              "timedOut": false,
              "duration": 1054,
              "state": null,
              "speed": null,
              "pass": false,
              "fail": false,
              "pending": false,
              "context": null,
              "code": "scenario.suiteSetup(suite)",
              "err": {},
              "uuid": "ed776d10-db8e-42db-b385-e31b1cbd9023",
              "parentUUID": "782ac834-1058-4a30-baa4-41d54bdea4e4",
              "isHook": true,
              "skipped": false
            },
            {
              "title": "\"before each\" hook: codeceptjs.before",
              "fullTitle": "login \"before each\" hook: codeceptjs.before",
              "timedOut": false,
              "duration": 1,
              "state": null,
              "speed": null,
              "pass": false,
              "fail": false,
              "pending": false,
              "context": null,
              "code": "scenario.setup(suite)",
              "err": {},
              "uuid": "421759d8-6349-477b-9131-d45d8146304a",
              "parentUUID": "782ac834-1058-4a30-baa4-41d54bdea4e4",
              "isHook": true,
              "skipped": false
            }
          ],
          "afterHooks": [
            {
              "title": "\"after all\" hook: codeceptjs.afterSuite",
              "fullTitle": "login \"after all\" hook: codeceptjs.afterSuite",
              "timedOut": false,
              "duration": 0,
              "state": null,
              "speed": null,
              "pass": false,
              "fail": false,
              "pending": false,
              "context": null,
              "code": "scenario.suiteTeardown(suite)",
              "err": {},
              "uuid": "fd0a1b05-17ca-45a0-ad9d-99db5b7a1e86",
              "parentUUID": "782ac834-1058-4a30-baa4-41d54bdea4e4",
              "isHook": true,
              "skipped": false
            },
            {
              "title": "\"after each\" hook: finalize codeceptjs",
              "fullTitle": "login \"after each\" hook: finalize codeceptjs",
              "timedOut": false,
              "duration": 4,
              "state": null,
              "speed": null,
              "pass": false,
              "fail": false,
              "pending": false,
              "context": null,
              "code": "scenario.teardown(suite)",
              "err": {},
              "uuid": "f5862e25-b677-47c0-a5ab-04ee8af90b49",
              "parentUUID": "782ac834-1058-4a30-baa4-41d54bdea4e4",
              "isHook": true,
              "skipped": false
            }
          ],
          "tests": [
            {
              "title": "testing the demo site",
              "fullTitle": "login: testing the demo site",
              "timedOut": false,
              "duration": 2212,
              "state": "passed",
              "speed": "slow",
              "pass": true,
              "fail": false,
              "pending": false,
              "context": null,
              "code": "I.amOnPage('/Login.html');\n    I.fillField(\"UserName\", \"admin\")\n    I.fillField(\"Password\", \"password\")\n    I.click(\"//input[@type='submit']\")\n    I.waitForElement({xpath: \"//input[@name='Initial']\"})\n    I.saveScreenshot(\"login.jpg\")",
              "err": {},
              "uuid": "575c2e76-3d70-4b83-999f-cbf469bf90d9",
              "parentUUID": "782ac834-1058-4a30-baa4-41d54bdea4e4",
              "isHook": false,
              "skipped": false
            }
          ],
          "suites": [],
          "passes": [
            "575c2e76-3d70-4b83-999f-cbf469bf90d9"
          ],
          "failures": [],
          "pending": [],
          "skipped": [],
          "duration": 2212,
          "root": false,
          "rootEmpty": false,
          "_timeout": 0
        }
      ],
      "passes": [],
      "failures": [],
      "pending": [],
      "skipped": [],
      "duration": 0,
      "root": true,
      "rootEmpty": true,
      "_timeout": 0
    }
  ],
  "meta": {
    "mocha": {
      "version": "6.2.3"
    },
    "mochawesome": {
      "options": {
        "quiet": false,
        "reportFilename": "mochawesome",
        "saveHtml": true,
        "saveJson": true,
        "consoleReporter": "spec",
        "useInlineDiffs": false,
        "code": true
      },
      "version": "6.1.1"
    },
    "marge": {
      "options": {},
      "version": "5.1.0"
    }
  }
}